"../../../../../Unreal Projects/SkyMapProto/Content/Geometry/Meshes/CubeMaterial.uasset" 0
"../../../../../Unreal Projects/SkyMapProto/Content/Geometry/Meshes/1M_Cube.uasset" 1
"../../../../../Unreal Projects/SkyMapProto/Content/Geometry/Meshes/1M_Cube_Chamfer.uasset" 2
"../../../../../Unreal Projects/SkyMapProto/Content/Geometry/Meshes/TemplateFloor.uasset" 3
"../../../../../Unreal Projects/SkyMapProto/Content/Main/Blueprints/AstroPlugin/DT_MyStarData.uasset" 4
"../../Plugins/Marketplace/AstronomyPlugin/Content/AstroLib/Materials/AstroMaterialCollection.uasset" 5
"../../Plugins/Marketplace/AstronomyPlugin/Content/AstroLib/Materials/EarthStarMaterial.uasset" 6
"../../../Engine/Content/Functions/Engine_MaterialFunctions01/Opacity/CameraDepthFade.uasset" 7
"../../../Engine/Content/EngineMaterials/T_Default_Material_Grid_N.uasset" 8
"../../../Engine/Content/EngineMaterials/T_Default_Material_Grid_M.uasset" 9
"../../../Engine/Content/EngineMaterials/DefaultMaterial.uasset" 10
"../../../Engine/Content/EngineMeshes/Cube.uasset" 11
"../../../../../Unreal Projects/SkyMapProto/Content/Main/Blueprints/AstroPlugin/Stars/BP_MyInstancedSMStar.uasset" 12
"../../../../../Unreal Projects/SkyMapProto/Content/Main/Environments/SM_MyCompass.uasset" 13
"../../../../../Unreal Projects/SkyMapProto/Content/Main/Materials/MPC_Star.uasset" 14
"../../../../../Unreal Projects/SkyMapProto/Content/Main/UserInterfaces/Textures/T_Button.uasset" 15
"../../../../../Unreal Projects/SkyMapProto/Content/Main/UserInterfaces/Textures/T_Button_Clicked.uasset" 16
"../../../../../Unreal Projects/SkyMapProto/Content/Main/UserInterfaces/Textures/T_Button_Hovered.uasset" 17
"../../../../../Unreal Projects/SkyMapProto/Content/VirtualReality/Materials/M_BaseMaterial.uasset" 18
"../../../../../Unreal Projects/SkyMapProto/Content/VirtualReality/Materials/MI_BaseMaterial2.uasset" 19
"../../../../../Unreal Projects/SkyMapProto/Content/VirtualReality/Materials/MI_BaseMaterial3.uasset" 20
"../../../Engine/Content/EngineMaterials/Good64x64TilingNoiseHighFreq.uasset" 21
"../../../../../Unreal Projects/SkyMapProto/Content/VirtualReality/Materials/TeleportMCP.uasset" 22
"../../../Engine/Content/Functions/Engine_MaterialFunctions02/Utility/CameraDirectionVector.uasset" 23
"../../../Engine/Content/Functions/Engine_MaterialFunctions02/Utility/DepthFromWorldPosition.uasset" 24
"../../../../../Unreal Projects/SkyMapProto/Content/VirtualReality/Materials/MF_OccludedPixels.uasset" 25
"../../../../../Unreal Projects/SkyMapProto/Content/VirtualReality/Materials/M_TeleportPreviews.uasset" 26
"../../../../../Unreal Projects/SkyMapProto/Content/VirtualReality/Materials/MI_ChaperoneOutline.uasset" 27
"../../../../../Unreal Projects/SkyMapProto/Content/VirtualReality/Materials/MI_SmallCubes.uasset" 28
"../../../../../Unreal Projects/SkyMapProto/Content/VirtualReality/Materials/MI_TeleportCylinderPreview.uasset" 29
"../../../Engine/Content/Functions/Engine_MaterialFunctions02/Utility/BreakOutFloat2Components.uasset" 30
"../../../Engine/Content/Functions/Engine_MaterialFunctions02/ScreenResolution.uasset" 31
"../../../Engine/Content/Functions/Engine_MaterialFunctions01/Texturing/ScaleUVsByCenter.uasset" 32
"../../../Engine/Content/Functions/Engine_MaterialFunctions02/Texturing/ScreenAlignedUVs.uasset" 33
"../../../../../Unreal Projects/SkyMapProto/Content/VirtualReality/Materials/M_ArcEndpoint.uasset" 34
"../../../../../Unreal Projects/SkyMapProto/Content/VirtualReality/Materials/M_SplineArcMat.uasset" 35
"../../../Engine/Content/EngineMaterials/WorldGridMaterial.uasset" 36
"../../../../../Unreal Projects/SkyMapProto/Content/VirtualReality/Meshes/1x1_cube.uasset" 37
"../../../../../Unreal Projects/SkyMapProto/Content/VirtualReality/Meshes/BeaconDirection.uasset" 38
"../../../../../Unreal Projects/SkyMapProto/Content/VirtualReality/Meshes/BeamMesh.uasset" 39
"../../../../../Unreal Projects/SkyMapProto/Content/VirtualReality/Materials/GenericHMDMaterial.uasset" 40
"../../../../../Unreal Projects/SkyMapProto/Content/VirtualReality/Meshes/GenericHMD.uasset" 41
"../../../../../Unreal Projects/SkyMapProto/Content/VirtualReality/Meshes/SM_FatCylinder.uasset" 42
"../../../../../Unreal Projects/SkyMapProto/Content/VirtualRealityBP/Blueprints/PickupActorInterface.uasset" 43
"../../../../../Unreal Projects/SkyMapProto/Content/VirtualRealityBP/Blueprints/BP_PickupCube.uasset" 44
"../../../Engine/Content/BasicShapes/Cylinder.uasset" 45
"../../../../../Unreal Projects/SkyMapProto/Content/VirtualRealityBP/Blueprints/HMDLocomotionPawn.uasset" 46
"../../../Engine/Content/ArtTools/RenderToTexture/Meshes/S_1_Unit_Plane.uasset" 47
"../../../Engine/Content/BasicShapes/Cone.uasset" 48
"../../../Engine/Content/EditorLandscapeResources/DataLayer.uasset" 49
"../../../Engine/Content/EditorLandscapeResources/DefaultAlphaTexture.uasset" 50
"../../../Engine/Content/EditorMaterials/MAT_Groups_Toggle.uasset" 51
"../../../Engine/Content/EditorMaterials/MAT_Groups_Visibility.uasset" 52
"../../../Engine/Content/EditorMaterials/PreviewShadowIndicator.uasset" 53
"../../../Engine/Content/EditorMaterials/PreviewShadowIndicatorMaterial.uasset" 54
"../../../Engine/Content/EditorMaterials/MatineeGroups/MAT_ColorTrack.uasset" 55
"../../../Engine/Content/EditorMaterials/MatineeGroups/MAT_Groups_Anim.uasset" 56
"../../../Engine/Content/EditorMaterials/MatineeGroups/MAT_Groups_AudioMaster.uasset" 57
"../../../Engine/Content/EditorMaterials/MatineeGroups/MAT_Groups_Director.uasset" 58
"../../../Engine/Content/EditorMaterials/MatineeGroups/MAT_Groups_Event.uasset" 59
"../../../Engine/Content/EditorMaterials/MatineeGroups/MAT_Groups_Fade.uasset" 60
"../../../Engine/Content/EditorMaterials/MatineeGroups/MAT_Groups_Float.uasset" 61
"../../../Engine/Content/EditorMaterials/MatineeGroups/MAT_Groups_Move.uasset" 62
"../../../Engine/Content/EditorMaterials/MatineeGroups/MAT_Groups_Slomo.uasset" 63
"../../../Engine/Content/EditorMaterials/MatineeGroups/MAT_Groups_Sound.uasset" 64
"../../../Engine/Content/EditorMaterials/MatineeGroups/MAT_Groups_Vector.uasset" 65
"../../../Engine/Content/EditorMaterials/ParticleSystems/PSysThumbnail_NoImage.uasset" 66
"../../../Engine/Content/EditorMaterials/ParticleSystems/PSysThumbnail_OOD.uasset" 67
"../../../Engine/Content/EditorMaterials/Camera/CineMat.uasset" 68
"../../../Engine/Content/EditorMaterials/Camera/MI_CineMat_Rig.uasset" 69
"../../../Engine/Content/EditorMeshes/Camera/SM_CraneRig_Arm.uasset" 70
"../../../Engine/Content/EditorMeshes/Camera/SM_CraneRig_Base.uasset" 71
"../../../Engine/Content/EditorMeshes/Camera/SM_CraneRig_Body.uasset" 72
"../../../Engine/Content/EditorMeshes/Camera/SM_CraneRig_Mount.uasset" 73
"../../../Engine/Content/EditorMeshes/Camera/SM_RailRig_Mount.uasset" 74
"../../../Engine/Content/EditorMeshes/Camera/SM_RailRig_Track.uasset" 75
"../../../Engine/Content/EditorResources/BSPVertex.uasset" 76
"../../../Engine/Content/EditorResources/EmptyActor.uasset" 77
"../../../Engine/Content/EditorResources/S_Actor.uasset" 78
"../../../Engine/Content/EditorResources/S_Note.uasset" 79
"../../../Engine/Content/EditorResources/S_Solver.uasset" 80
"../../../Engine/Content/EditorResources/S_Terrain.uasset" 81
"../../../Engine/Content/EditorResources/S_Trigger.uasset" 82
"../../../Engine/Content/EditorResources/SequenceRecorder/Countdown.uasset" 83
"../../../Engine/Content/EditorResources/SequenceRecorder/RecordingIndicator.uasset" 84
"../../../Engine/Content/EngineDamageTypes/DmgTypeBP_Environmental.uasset" 85
"../../../Engine/Content/EngineDebugMaterials/DebugEditorMaterial.uasset" 86
"../../../Engine/Content/EngineDebugMaterials/DebugMeshMaterial.uasset" 87
"../../../Engine/Content/EngineDebugMaterials/M_SimpleUnlitTranslucent.uasset" 88
"../../../Engine/Content/EngineDebugMaterials/VolumeToRender.uasset" 89
"../../../Engine/Content/EngineDebugMaterials/M_VolumeRenderSphereTracePP.uasset" 90
"../../../Engine/Content/Functions/Engine_MaterialFunctions01/Shading/ConvertFromDiffSpec.uasset" 91
"../../../Engine/Content/EngineDebugMaterials/VertexColorMaterial.uasset" 92
"../../../Engine/Content/EngineDebugMaterials/WireframeMaterial.uasset" 93
"../../../Engine/Content/EngineFonts/Faces/RobotoRegular.uasset" 94
"../../../Engine/Content/EngineFonts/Faces/RobotoLight.uasset" 95
"../../../Engine/Content/EngineFonts/Faces/RobotoItalic.uasset" 96
"../../../Engine/Content/EngineFonts/Faces/RobotoBoldItalic.uasset" 97
"../../../Engine/Content/EngineFonts/Faces/RobotoBold.uasset" 98
"../../../Engine/Content/EngineFonts/Faces/DroidSansFallback.uasset" 99
"../../../Engine/Content/EngineFonts/Roboto.uasset" 100
"../../../Engine/Content/EngineMaterials/BaseFlattenNormalMap.uasset" 101
"../../../Engine/Content/EngineMaterials/BaseFlattenGrayscaleMap.uasset" 102
"../../../Engine/Content/EngineMaterials/BaseFlattenEmissiveMap.uasset" 103
"../../../Engine/Content/EngineMaterials/BaseFlattenDiffuseMap.uasset" 104
"../../../Engine/Content/EngineMaterials/BaseFlattenMaterial.uasset" 105
"../../../Engine/Content/EngineMaterials/BlueNoise.uasset" 106
"../../../Engine/Content/EngineMaterials/DefaultBloomKernel.uasset" 107
"../../../Engine/Content/EngineMaterials/DefaultBokeh.uasset" 108
"../../../Engine/Content/EngineMaterials/DefaultDiffuse.uasset" 109
"../../../Engine/Content/EngineMaterials/DefaultDeferredDecalMaterial.uasset" 110
"../../../Engine/Content/EngineMaterials/DefaultLightFunctionMaterial.uasset" 111
"../../../Engine/Content/EngineMaterials/DefaultPostProcessMaterial.uasset" 112
"../../../Engine/Content/EngineFonts/RobotoDistanceField.uasset" 113
"../../../Engine/Content/EngineMaterials/DefaultTextMaterialOpaque.uasset" 114
"../../../Engine/Content/EngineMaterials/DefaultWhiteGrid.uasset" 115
"../../../Engine/Content/EngineMaterials/DefaultWhiteGrid_Low.uasset" 116
"../../../Engine/Content/EngineMaterials/EmissiveMeshMaterial.uasset" 117
"../../../Engine/Content/EngineMaterials/GizmoMaterial.uasset" 118
"../../../Engine/Content/EngineMaterials/MiniFont.uasset" 119
"../../../Engine/Content/EngineMaterials/InvalidLightmapSettings.uasset" 120
"../../../Engine/Content/EngineMaterials/M_InvalidLightmapSettings.uasset" 121
"../../../Engine/Content/Functions/Engine_MaterialFunctions02/WorldPositionOffset/CameraOffset.uasset" 122
"../../../Engine/Content/EngineMaterials/PhAT_JointLimitMaterial.uasset" 123
"../../../Engine/Content/EngineMaterials/PreintegratedSkinBRDF.uasset" 124
"../../../Engine/Content/EngineMaterials/RemoveSurfaceMaterial.uasset" 125
"../../../Engine/Content/EngineResources/WhiteSquareTexture.uasset" 126
"../../../Engine/Content/EngineMaterials/Widget3DPassThrough.uasset" 127
"../../../Engine/Content/EngineMaterials/Widget3DPassThrough_Masked.uasset" 128
"../../../Engine/Content/EngineMaterials/Widget3DPassThrough_Opaque.uasset" 129
"../../../Engine/Content/EngineMaterials/Widget3DPassThrough_Masked_OneSided.uasset" 130
"../../../Engine/Content/EngineMaterials/Widget3DPassThrough_Opaque_OneSided.uasset" 131
"../../../Engine/Content/EngineMaterials/Widget3DPassThrough_Translucent.uasset" 132
"../../../Engine/Content/EngineMaterials/Widget3DPassThrough_Translucent_OneSided.uasset" 133
"../../../Engine/Content/EngineMeshes/Cylinder.uasset" 134
"../../../Engine/Content/EngineMeshes/Sphere.uasset" 135
"../../../Engine/Content/EngineResources/Black.uasset" 136
"../../../Engine/Content/EngineResources/DefaultTextureCube.uasset" 137
"../../../Engine/Content/EngineResources/DefaultVolumeTexture2D.uasset" 138
"../../../Engine/Content/EngineResources/DefaultVolumeTexture.uasset" 139
"../../../Engine/Content/EngineResources/GradientTexture0.uasset" 140
"../../../Engine/Content/EngineSky/VolumetricClouds/T_NoiseShape64.uasset" 141
"../../../Engine/Content/EngineSky/VolumetricClouds/T_VolumeNoiseShape64.uasset" 142
"../../../Engine/Content/EngineSky/VolumetricClouds/T_NoiseErosion.uasset" 143
"../../../Engine/Content/EngineSky/VolumetricClouds/T_VolumeNoiseErosion32.uasset" 144
"../../../Engine/Content/EngineSky/VolumetricClouds/CloudWeatherTexture.uasset" 145
"../../../Engine/Content/EngineSky/VolumetricClouds/CloudGradientTexture.uasset" 146
"../../../Engine/Content/Functions/Engine_MaterialFunctions02/Utility/MakeFloat2.uasset" 147
"../../../Engine/Content/EngineSky/VolumetricClouds/m_SimpleVolumetricCloud.uasset" 148
"../../../Engine/Content/EngineSky/VolumetricClouds/m_SimpleVolumetricCloud_Inst.uasset" 149
"../../../Engine/Content/EngineSounds/Master.uasset" 150
"../../../Engine/Content/Functions/Engine_MaterialFunctions01/Shading/PowerToRoughness.uasset" 151
"../../../Engine/Content/Maps/Templates/Thumbnails/Default.uasset" 152
"../../../Engine/Content/Maps/Templates/Thumbnails/TimeOfDay.uasset" 153
"../../../Engine/Content/Maps/Templates/Thumbnails/VR-Basic.uasset" 154
"../../../Engine/Content/MobileResources/T_MobileControls_texture.uasset" 155
"../../../Engine/Content/MobileResources/T_MobileMenu2.uasset" 156
"../../../Engine/Content/MobileResources/HUD/AnalogHat.uasset" 157
"../../../Engine/Content/MobileResources/HUD/VirtualJoystick_Thumb.uasset" 158
"../../../Engine/Content/MobileResources/HUD/VirtualJoystick_Background.uasset" 159
"../../../Engine/Content/MobileResources/HUD/DefaultVirtualJoysticks.uasset" 160
"../../../Engine/Content/MobileResources/HUD/LeftVirtualJoystickOnly.uasset" 161
"../../../Engine/Content/MobileResources/HUD/MobileHUDButton1_off.uasset" 162
"../../../Engine/Content/MobileResources/HUD/MobileHUDButton1_on.uasset" 163
"../../../Engine/Content/MobileResources/HUD/MobileHUDButton2_off.uasset" 164
"../../../Engine/Content/MobileResources/HUD/MobileHUDButton2_on.uasset" 165
"../../../Engine/Content/MobileResources/HUD/MobileHUDButton3.uasset" 166
"../../../Engine/Content/MobileResources/HUD/MobileHUDButtonFire.uasset" 167
"../../../Engine/Content/MobileResources/HUD/MobileHUDDirectionPad.uasset" 168
"../../../Engine/Content/MobileResources/HUD/MobileHUDDirectionPad2.uasset" 169
"../../../Engine/Content/MobileResources/HUD/MobileHUDDirectionPad3.uasset" 170
"../../../Engine/Content/MobileResources/HUD/MobileHUDDirectionStick.uasset" 171
"../../../Engine/Content/MobileResources/HUD/T_Castle_ThumbstickInner.uasset" 172
"../../../Engine/Content/MobileResources/HUD/T_Castle_ThumbstickOutter.uasset" 173
"../../../Engine/Content/Tutorial/ContentIntroCurve.uasset" 174
"../../../Engine/Content/Tutorial/Basics/LevelEditorAttract.uasset" 175
"../../../Engine/Content/VREditor/TransformGizmo/TranslucentTransformGizmoMaterial.uasset" 176
"../../../Engine/Content/VREditor/LaserPointer/VR_LaserPower_01.uasset" 177
"../../../Engine/Content/VREditor/TransformGizmo/TransformGizmoMaterial.uasset" 178
"../../../Engine/Content/VREditor/TransformGizmo/BoundingBoxCorner.uasset" 179
"../../../Engine/Content/VREditor/TransformGizmo/BoundingBoxEdge.uasset" 180
"../../../Engine/Content/VREditor/TransformGizmo/PlaneTranslationHandle.uasset" 181
"../../../Engine/Content/VREditor/TransformGizmo/Xray.uasset" 182
"../../../Engine/Content/VREditor/TransformGizmo/Main.uasset" 183
"../../../Engine/Content/VREditor/TransformGizmo/SM_Sequencer_Key.uasset" 184
"../../../Engine/Content/VREditor/TransformGizmo/SM_Sequencer_Node.uasset" 185
"../../Plugins/2D/Paper2D/Content/PlaceholderTextures/DummySpriteTexture.uasset" 186
"../../Plugins/2D/Paper2D/Content/DummySprite.uasset" 187
"../../Plugins/2D/Paper2D/Content/DefaultPaperTerrainMaterial.uasset" 188
"../../Plugins/2D/Paper2D/Content/DefaultSpriteMaterial.uasset" 189
"../../Plugins/2D/Paper2D/Content/MaskedUnlitSpriteMaterial.uasset" 190
"../../Plugins/2D/Paper2D/Content/OpaqueUnlitSpriteMaterial.uasset" 191
"../../../Engine/Content/Functions/Engine_MaterialFunctions02/Utility/BreakOutFloat3Components.uasset" 192
"../../Plugins/Editor/SpeedTreeImporter/Content/SpeedTree9/UnpackInteger3.uasset" 193
"../../Plugins/Editor/SpeedTreeImporter/Content/SpeedTree9/UnpackDirection.uasset" 194
"../../Plugins/Editor/SpeedTreeImporter/Content/SpeedTree9/game_wind_noise.uasset" 195
"../../../Engine/Content/Functions/Engine_MaterialFunctions02/SafeNormalize.uasset" 196
"../../Plugins/Editor/SpeedTreeImporter/Content/SpeedTree9/SpeedTreeWindMotion.uasset" 197
"../../Plugins/Editor/SpeedTreeImporter/Content/SpeedTree9/SpeedTreeBranchMotion.uasset" 198
"../../../Engine/Content/Functions/Engine_MaterialFunctions02/ObjectLocalBounds.uasset" 199
"../../../Engine/Content/Functions/Engine_MaterialFunctions02/UVs/BoundingBoxBased_0-1_UVW.uasset" 200
"../../Plugins/Editor/SpeedTreeImporter/Content/SpeedTree9/SpeedTreeWind.uasset" 201
"../../Plugins/Editor/SpeedTreeImporter/Content/SpeedTree9/SpeedTreeBillboard.uasset" 202
"../../../Engine/Content/EngineResources/DefaultTexture.uasset" 203
"../../Plugins/Editor/SpeedTreeImporter/Content/SpeedTree9/SpeedTreeBillboardMaster.uasset" 204
"../../Plugins/Editor/SpeedTreeImporter/Content/SpeedTree9/SpeedTreeCameraFacing.uasset" 205
"../../Plugins/Editor/SpeedTreeImporter/Content/SpeedTree9/SpeedTreeMaster.uasset" 206
"../../../Engine/Content/ArtTools/RenderToTexture/Materials/Debug/M_Emissive_Color.uasset" 207
"../../Plugins/Lumin/MagicLeapPassableWorld/Content/MagicLeapARPinInfoActor.uasset" 208
"../../Plugins/Marketplace/AstronomyPlugin/Content/AstroLib/Blueprints/Stars/BP_Star.uasset" 209
"../../Plugins/Experimental/Landmass/Content/Landscape/BlueprintBrushes/MPC/MPC_Landscape.uasset" 210
"../../Plugins/Experimental/Water/Content/Curves/FloatCurve.uasset" 211
"../../Plugins/Experimental/Water/Content/Curves/FloatCurve_WaterBodyIsland.uasset" 212
"../../Plugins/Experimental/Water/Content/Materials/MPC/MPC_Water.uasset" 213
"../../Plugins/Experimental/Water/Content/Meshes/LakeMesh.uasset" 214
"../../Plugins/Experimental/Water/Content/Meshes/RiverMesh.uasset" 215
"../../Plugins/Experimental/Water/Content/Waves/GerstnerWaves_Lake.uasset" 216
"../../Plugins/Experimental/Water/Content/Waves/GerstnerWaves_Ocean.uasset" 217
"../../../Engine/Content/Functions/Engine_MaterialFunctions02/Utility/BreakOutFloat4Components.uasset" 218
"../../../Engine/Content/Functions/Engine_MaterialFunctions02/Utility/MakeFloat3.uasset" 219
"../../Plugins/Runtime/Oculus/OculusVR/Content/Materials/OculusMR_ChromaKey.uasset" 220
"../../Plugins/Runtime/Oculus/OculusVR/Content/Materials/OculusMR_OpaqueColoredMaterial.uasset" 221
"../../Plugins/Runtime/Oculus/OculusVR/Content/Materials/PokeAHoleMaterial.uasset" 222
"../../../Engine/Content/EngineMaterials/DefaultPhysicalMaterial.uasset" 223
"../../../Engine/Content/BasicShapes/Plane.uasset" 224
"../../../../../Unreal Projects/SkyMapProto/Content/Main/Maps/TestMap_BuiltData.uasset" 225
"../../Plugins/Marketplace/AstronomyPlugin/Content/AstroLib/Textures/moon.uasset" 226
"../../../Engine/Content/BasicShapes/Sphere.uasset" 227
"../../../../../Unreal Projects/SkyMapProto/Content/VirtualRealityBP/Blueprints/MotionControllerHaptics.uasset" 228
"../../../../../Unreal Projects/SkyMapProto/Content/VirtualReality/Mannequin/Character/Mesh/MannequinHand_Right_PhysicsAsset.uasset" 229
"../../../../../Unreal Projects/SkyMapProto/Content/VirtualReality/Mannequin/Character/Textures/UE4_Mannequin_MAT_MASKA.uasset" 230
"../../../../../Unreal Projects/SkyMapProto/Content/VirtualReality/Mannequin/Character/Textures/UE4_Mannequin__normals.uasset" 231
"../../../../../Unreal Projects/SkyMapProto/Content/VirtualReality/Mannequin/Character/Materials/M_HandMat.uasset" 232
"../../../../../Unreal Projects/SkyMapProto/Content/VirtualReality/Mannequin/Character/Mesh/MannequinHand_Right_Skeleton.uasset" 233
"../../../../../Unreal Projects/SkyMapProto/Content/VirtualReality/Mannequin/Character/Mesh/MannequinHand_Right.uasset" 234
"../../../../../Unreal Projects/SkyMapProto/Content/VirtualRealityBP/Blueprints/GripEnum.uasset" 235
"../../../Engine/Content/Animation/DefaultAnimCurveCompressionSettings.uasset" 236
"../../../Engine/Content/Animation/DefaultAnimBoneCompressionSettings.uasset" 237
"../../../../../Unreal Projects/SkyMapProto/Content/VirtualReality/Mannequin/Animations/MannequinHand_Right_Open.uasset" 238
"../../../../../Unreal Projects/SkyMapProto/Content/VirtualReality/Mannequin/Animations/MannequinHand_Right_Grab.uasset" 239
"../../../../../Unreal Projects/SkyMapProto/Content/VirtualReality/Mannequin/Animations/MannequinHand_Right_CanGrab.uasset" 240
"../../../../../Unreal Projects/SkyMapProto/Content/VirtualReality/Mannequin/Animations/RightGrip_BS.uasset" 241
"../../../../../Unreal Projects/SkyMapProto/Content/VirtualReality/Mannequin/Animations/RightHand_AnimBP.uasset" 242
"../../../../../Unreal Projects/SkyMapProto/Content/Main/Interfaces/BPI_Time.uasset" 243
"../../../Engine/Content/EditorBlueprintResources/StandardMacros.uasset" 244
"../../../../../Unreal Projects/SkyMapProto/Content/VirtualRealityBP/Blueprints/BP_MotionController.uasset" 245
"../../../../../Unreal Projects/SkyMapProto/Content/VirtualRealityBP/Blueprints/MotionControllerPawn.uasset" 246
"../../Plugins/FX/Niagara/Content/Functions/System/SystemChangeState.uasset" 247
"../../Plugins/FX/Niagara/Content/Enums/ENiagaraSystemInactiveMode.uasset" 248
"../../Plugins/FX/Niagara/Content/Enums/ENiagara_EmitterStateOptions.uasset" 249
"../../Plugins/FX/Niagara/Content/Modules/System/SystemState.uasset" 250
"../../Plugins/FX/Niagara/Content/Enums/ENiagaraSphereDistributionMode.uasset" 251
"../../Plugins/FX/Niagara/Content/Enums/ENiagaraScaleColorMode.uasset" 252
"../../Plugins/FX/Niagara/Content/Enums/ENiagaraRandomnessMode.uasset" 253
"../../Plugins/FX/Niagara/Content/Enums/ENiagaraRandomnessEvaluation.uasset" 254
"../../Plugins/FX/Niagara/Content/Enums/ENiagaraInactiveMode.uasset" 255
"../../Plugins/FX/Niagara/Content/Enums/ENiagaraExpansionMode.uasset" 256
"../../Plugins/FX/Niagara/Content/Enums/ENiagaraEmitterScalabilityMode_Limited.uasset" 257
"../../Plugins/FX/Niagara/Content/Enums/ENiagaraEmitterLifeCycleMode.uasset" 258
"../../Plugins/FX/Niagara/Content/Enums/ENiagaraCoordinateSpace.uasset" 259
"../../Plugins/FX/Niagara/Content/Enums/ENiagaraChannelCorrelation.uasset" 260
"../../Plugins/FX/Niagara/Content/Enums/ENiagara_SpriteRotationMode.uasset" 261
"../../Plugins/FX/Niagara/Content/Enums/ENiagara_SizeScaleMode.uasset" 262
"../../Plugins/FX/Niagara/Content/Enums/ENiagara_PositionInitializationMode.uasset" 263
"../../Plugins/FX/Niagara/Content/Enums/ENiagara_MassInitializationMode.uasset" 264
"../../Plugins/FX/Niagara/Content/Enums/ENiagara_LifetimeMode.uasset" 265
"../../Plugins/FX/Niagara/Content/Enums/ENiagara_InfiniteLoopDuration.uasset" 266
"../../Plugins/FX/Niagara/Content/Enums/ENiagara_ColorInitializationMode.uasset" 267
"../../Plugins/FX/Niagara/Content/Modules/Update/Lifetime/ParticleState.uasset" 268
"../../Plugins/FX/Niagara/Content/Modules/Update/Forces/Drag.uasset" 269
"../../Plugins/FX/Niagara/Content/Modules/Update/Color/ScaleColor.uasset" 270
"../../Plugins/FX/Niagara/Content/Modules/Update/Color/Color.uasset" 271
"../../Plugins/FX/Niagara/Content/Functions/PolarToCartesianCoordinates.uasset" 272
"../../Plugins/FX/Niagara/Content/Functions/GetRandomInfo.uasset" 273
"../../Plugins/FX/Niagara/Content/Functions/RandomRangeFloat.uasset" 274
"../../Plugins/FX/Niagara/Content/Functions/DirectionAndLengthSafe.uasset" 275
"../../Plugins/FX/Niagara/Content/Functions/RandomVectorInCone.uasset" 276
"../../Plugins/FX/Niagara/Content/Functions/Math/RemapValueRange.uasset" 277
"../../Plugins/FX/Niagara/Content/Functions/Rotation/MultiplyVectorWithQuaternion.uasset" 278
"../../Plugins/FX/Niagara/Content/Functions/Rotation/FindQuatBetween.uasset" 279
"../../Plugins/FX/Niagara/Content/Functions/Localspace/TransformBase.uasset" 280
"../../Plugins/FX/Niagara/Content/Functions/Localspace/TransformVector.uasset" 281
"../../Plugins/FX/Niagara/Content/Modules/Spawn/Velocity/AddVelocityInCone.uasset" 282
"../../Plugins/FX/Niagara/Content/Functions/V2/CalculateRandomRange.uasset" 283
"../../Plugins/FX/Niagara/Content/Functions/V2/CalculateRandomPointInSphere.uasset" 284
"../../Plugins/FX/Niagara/Content/Functions/SphericalToCartesianCoordinates.uasset" 285
"../../Plugins/FX/Niagara/Content/Functions/Localspace/SimulationPosition.uasset" 286
"../../Plugins/FX/Niagara/Content/Modules/Spawn/Location/V2/SphereLocation.uasset" 287
"../../Plugins/FX/Niagara/Content/Functions/V2/CalculateRandomRangeFloat.uasset" 288
"../../Plugins/FX/Niagara/Content/Functions/V2/CalculateRandomRangeInteger.uasset" 289
"../../Plugins/FX/Niagara/Content/Functions/V2/CalculateRandomBool.uasset" 290
"../../Plugins/FX/Niagara/Content/Functions/LinearColor/HueShiftLinearColor.uasset" 291
"../../Plugins/FX/Niagara/Content/Enums/ENiagara_UVFlippingMode.uasset" 292
"../../Plugins/FX/Niagara/Content/Modules/Spawn/Initialization/V2/InitializeParticle.uasset" 293
"../../Plugins/FX/Niagara/Content/Modules/Solvers/SolveForcesAndVelocity.uasset" 294
"../../Plugins/FX/Niagara/Content/Modules/Emitter/SpawnRate.uasset" 295
"../../Plugins/FX/Niagara/Content/Functions/Emitter/EmitterChangeState.uasset" 296
"../../Plugins/FX/Niagara/Content/Enums/ENiagaraExecutionStateManagement.uasset" 297
"../../Plugins/FX/Niagara/Content/Modules/Emitter/EmitterState.uasset" 298
"../../Plugins/FX/Niagara/Content/DynamicInputs/ValueFromCurve/FloatFromCurve.uasset" 299
"../../Plugins/FX/Niagara/Content/DynamicInputs/UniformRange/V2/RandomRangeFloat.uasset" 300
"../../Plugins/FX/Niagara/Content/DefaultAssets/DefaultSpriteMaterial.uasset" 301
"../../../../../Unreal Projects/SkyMapProto/Content/Main/VFX/NE_Fire.uasset" 302
"../../../../../Unreal Projects/SkyMapProto/Content/Main/VFX/NS_Fire.uasset" 303
"../../../../../Unreal Projects/SkyMapProto/Content/Main/Materials/Water/T_Water_N.uasset" 304
"../../../../../Unreal Projects/SkyMapProto/Content/Main/Materials/Water/T_Water_M.uasset" 305
"../../../../../Unreal Projects/SkyMapProto/Content/Main/Materials/Water/T_Perlin_Noise_M.uasset" 306
"../../../Engine/Content/Functions/Engine_MaterialFunctions02/Utility/BlendAngleCorrectedNormals.uasset" 307
"../../../../../Unreal Projects/SkyMapProto/Content/Main/Materials/MPC_Speed.uasset" 308
"../../../../../Unreal Projects/SkyMapProto/Content/Main/Materials/Water/M_Water.uasset" 309
"../../../../../Unreal Projects/SkyMapProto/Content/Main/Materials/Water/MI_Water.uasset" 310
"../../../../../Unreal Projects/SkyMapProto/Content/Main/Materials/Terrain/Sand_LayerInfo.uasset" 311
"../../../../../Unreal Projects/SkyMapProto/Content/Main/Materials/Terrain/ulsidirew_2K_Normal.uasset" 312
"../../../../../Unreal Projects/SkyMapProto/Content/Main/Materials/Terrain/ulsidirew_2K_Albedo.uasset" 313
"../../../../../Unreal Projects/SkyMapProto/Content/Main/Materials/Terrain/T_Ground_Gravel_N.uasset" 314
"../../../../../Unreal Projects/SkyMapProto/Content/Main/Materials/Terrain/T_Ground_Gravel_D.uasset" 315
"../../../../../Unreal Projects/SkyMapProto/Content/Main/Materials/Terrain/T_Ground_Grass_N.uasset" 316
"../../../../../Unreal Projects/SkyMapProto/Content/Main/Materials/Terrain/T_Ground_Grass_D.uasset" 317
"../../../../../Unreal Projects/SkyMapProto/Content/Main/Materials/Terrain/Normal_2K_uiynbfjo.uasset" 318
"../../../Engine/Content/EngineMaterials/WeightMapPlaceholderTexture.uasset" 319
"../../../../../Unreal Projects/SkyMapProto/Content/Main/Materials/Terrain/Albedo_2K_uiynbfjo.uasset" 320
"../../../../../Unreal Projects/SkyMapProto/Content/Main/Materials/Terrain/MapMaterial.uasset" 321
"../../../../../Unreal Projects/SkyMapProto/Content/Main/Materials/Terrain/Gravel_LayerInfo.uasset" 322
"../../../../../Unreal Projects/SkyMapProto/Content/Main/Materials/Terrain/Grass_LayerInfo.uasset" 323
"../../../../../Unreal Projects/SkyMapProto/Content/Main/Materials/Terrain/Cobbles_LayerInfo.uasset" 324
"../../../Engine/Content/MapTemplates/TilingNoise05.uasset" 325
"../../../Engine/Content/Functions/Engine_MaterialFunctions02/SplitComponents.uasset" 326
"../../../../../Unreal Projects/SkyMapProto/Content/Main/Materials/M_Clouds.uasset" 327
"../../../../../Unreal Projects/SkyMapProto/Content/Main/Environments/Unu/Unu_DefaultMaterial_OcclusionRoughnessMetallic.uasset" 328
"../../../../../Unreal Projects/SkyMapProto/Content/Main/Environments/Unu/Unu_DefaultMaterial_Normal.uasset" 329
"../../../../../Unreal Projects/SkyMapProto/Content/Main/Environments/Unu/Unu_DefaultMaterial_BaseColor.uasset" 330
"../../../../../Unreal Projects/SkyMapProto/Content/Main/Environments/Building/RandomBuilding_DefaultMaterial_BaseColor.uasset" 331
"../../../../../Unreal Projects/SkyMapProto/Content/Main/Environments/Building/RandomBuilding_DefaultMaterial_Normal.uasset" 332
"../../../../../Unreal Projects/SkyMapProto/Content/Main/Environments/Building/RandomBuilding_DefaultMaterial_OcclusionRoughnessMetallic.uasset" 333
"../../../../../Unreal Projects/SkyMapProto/Content/Main/Environments/M_GeoMaster.uasset" 334
"../../../../../Unreal Projects/SkyMapProto/Content/Main/Environments/Unu/MI_Unu.uasset" 335
"../../../../../Unreal Projects/SkyMapProto/Content/Main/Environments/Unu/Unu.uasset" 336
"../../../../../Unreal Projects/SkyMapProto/Content/Main/Environments/Torch/Torch_DefaultMaterial_BaseColor.uasset" 337
"../../../../../Unreal Projects/SkyMapProto/Content/Main/Environments/Torch/Torch_DefaultMaterial_Normal.uasset" 338
"../../../../../Unreal Projects/SkyMapProto/Content/Main/Environments/Torch/Torch_DefaultMaterial_OcclusionRoughnessMetallic.uasset" 339
"../../../../../Unreal Projects/SkyMapProto/Content/Main/Environments/Torch/MI_Torch.uasset" 340
"../../../../../Unreal Projects/SkyMapProto/Content/Main/Environments/Torch/Torch.uasset" 341
"../../../Engine/Content/EngineSky/T_Sky_Stars.uasset" 342
"../../../Engine/Content/EngineSky/T_Sky_Clouds_M.uasset" 343
"../../../Engine/Content/EngineSky/T_Sky_Blue.uasset" 344
"../../../Engine/Content/EngineSky/M_Sky_Panning_Clouds2.uasset" 345
"../../../Engine/Content/EngineSky/SM_SkySphere.uasset" 346
"../../../Engine/Content/EngineSky/C_Sky_Zenith_Color.uasset" 347
"../../../Engine/Content/EngineSky/C_Sky_Horizon_Color.uasset" 348
"../../../Engine/Content/EngineSky/C_Sky_Cloud_Color.uasset" 349
"../../../Engine/Content/EngineSky/BP_Sky_Sphere.uasset" 350
"../../../Engine/Content/EditorMeshes/EditorSphere.uasset" 351
"../../../Engine/Content/BasicShapes/BasicShapeMaterial.uasset" 352
"../../Plugins/Marketplace/AstronomyPlugin/Content/AstroLib/Blueprints/EarthViewObjects/BP_EarthViewObject.uasset" 353
"../../../../../Unreal Projects/SkyMapProto/Content/Main/Datas/Struct_TimeZones.uasset" 354
"../../../../../Unreal Projects/SkyMapProto/Content/Main/Interfaces/BPI_Astro.uasset" 355
"../../../../../Unreal Projects/SkyMapProto/Content/Main/Blueprints/AstroPlugin/SolarSystem/BP_MyEarthViewObject.uasset" 356
"../../../../../Unreal Projects/SkyMapProto/Content/Main/Blueprints/AstroPlugin/SolarSystem/BP_MySunEarthView.uasset" 357
"../../../Engine/Content/Functions/Engine_MaterialFunctions02/WorldPositionOffset/LocalPosition.uasset" 358
"../../Plugins/Marketplace/AstronomyPlugin/Content/AstroLib/Materials/GroundMoonMaterial.uasset" 359
"../../../../../Unreal Projects/SkyMapProto/Content/Main/Blueprints/AstroPlugin/SolarSystem/BP_MyMoonEarthView.uasset" 360
"../../../../../Unreal Projects/SkyMapProto/Content/Main/Blueprints/AstroPlugin/SolarSystem/BP_MyDistantPlanetEarthView.uasset" 361
"../../../../../Unreal Projects/SkyMapProto/Content/Main/Interfaces/BPI_GM.uasset" 362
"../../../../../Unreal Projects/SkyMapProto/Content/Main/Blueprints/GM_Test.uasset" 363
"../../../../../Unreal Projects/SkyMapProto/Content/Main/UserInterfaces/WBP_TimeOfDay.uasset" 364
"../../../../../Unreal Projects/SkyMapProto/Content/Main/Interfaces/BPI_Widgets.uasset" 365
"../../../../../Unreal Projects/SkyMapProto/Content/Main/UserInterfaces/WBP_DayButton.uasset" 366
"../../../../../Unreal Projects/SkyMapProto/Content/Main/UserInterfaces/Textures/T_Arrow_Hovered.uasset" 367
"../../../../../Unreal Projects/SkyMapProto/Content/Main/UserInterfaces/Textures/T_Arrow_Clicked.uasset" 368
"../../../../../Unreal Projects/SkyMapProto/Content/Main/UserInterfaces/Textures/T_Arrow.uasset" 369
"../../../../../Unreal Projects/SkyMapProto/Content/Main/Datas/Enum_TimeZones.uasset" 370
"../../../../../Unreal Projects/SkyMapProto/Content/Main/UserInterfaces/WBP_Calendar.uasset" 371
"../../../../../Unreal Projects/SkyMapProto/Content/Main/Datas/DT_TimeZones.uasset" 372
"../../../../../Unreal Projects/SkyMapProto/Content/Main/Blueprints/BP_TimeManager.uasset" 373
"../../../../../Unreal Projects/SkyMapProto/Content/Main/Materials/M_MyTextMaterial.uasset" 374
"../../../../../Unreal Projects/SkyMapProto/Content/Main/Blueprints/BP_Directions.uasset" 375
"../../../../../Unreal Projects/SkyMapProto/Content/Main/Materials/M_MyEarthStarMaterial.uasset" 376
"../../../../../Unreal Projects/SkyMapProto/Content/Main/Blueprints/AstroPlugin/Stars/BP_MyStar.uasset" 377
"../../../../../Unreal Projects/SkyMapProto/Content/Main/Datas/Struct_StarName.uasset" 378
"../../../../../Unreal Projects/SkyMapProto/Content/Main/Datas/Struct_Constellation.uasset" 379
"../../../../../Unreal Projects/SkyMapProto/Content/Main/Interfaces/BPI_Stars.uasset" 380
"../../../../../Unreal Projects/SkyMapProto/Content/Main/Materials/M_StarTie.uasset" 381
"../../../Engine/Content/BasicShapes/Cube.uasset" 382
"../../../../../Unreal Projects/SkyMapProto/Content/Main/Blueprints/AstroPlugin/Stars/BP_TieConstellation.uasset" 383
"../../Plugins/2D/Paper2D/Content/TranslucentUnlitSpriteMaterial.uasset" 384
"../../../../../Unreal Projects/SkyMapProto/Content/Main/Constellations/Shark/T_Constellation_Shark.uasset" 385
"../../../../../Unreal Projects/SkyMapProto/Content/Main/Constellations/Shark/S_Constellation_Shark.uasset" 386
"../../../../../Unreal Projects/SkyMapProto/Content/Main/Blueprints/AstroPlugin/Stars/BP_Constellation.uasset" 387
"../../../../../Unreal Projects/SkyMapProto/Content/Main/Datas/DT_Constellations.uasset" 388
"../../Plugins/Marketplace/AstronomyPlugin/Content/AstroLib/Data/StarData.uasset" 389
"../../../../../Unreal Projects/SkyMapProto/Content/Main/Blueprints/AstroPlugin/Stars/BP_MyStarManager.uasset" 390
"../../../../../Unreal Projects/SkyMapProto/Content/Main/Datas/DT_MyStarDataSouth.uasset" 391
"../../../../../Unreal Projects/SkyMapProto/Content/Main/Environments/Ahu/Ahu_DefaultMaterial_Normal.uasset" 392
"../../../../../Unreal Projects/SkyMapProto/Content/Main/Environments/Ahu/Ahu_DefaultMaterial_OcclusionRoughnessMetallic.uasset" 393
"../../../../../Unreal Projects/SkyMapProto/Content/Main/Environments/Ahu/Ahu_DefaultMaterial_BaseColor.uasset" 394
"../../../../../Unreal Projects/SkyMapProto/Content/Main/Environments/Ahu/MI_Ahu.uasset" 395
"../../../../../Unreal Projects/SkyMapProto/Content/Main/Environments/Ahu/Ahu.uasset" 396
"../../../../../Unreal Projects/SkyMapProto/Content/Main/Environments/Building/MI_Building_Base.uasset" 397
"../../../../../Unreal Projects/SkyMapProto/Content/Main/Environments/Building/RandomBuilding_Cylinder_008.uasset" 398
"../../../../../Unreal Projects/SkyMapProto/Content/Main/Environments/Building/RandomBuilding_Roof_001_BaseColor.uasset" 399
"../../../../../Unreal Projects/SkyMapProto/Content/Main/Environments/Building/RandomBuilding_Roof_001_Normal.uasset" 400
"../../../../../Unreal Projects/SkyMapProto/Content/Main/Environments/Building/RandomBuilding_Roof_001_OcclusionRoughnessMetallic.uasset" 401
"../../../../../Unreal Projects/SkyMapProto/Content/Main/Environments/Building/MI_Building_Roof.uasset" 402
"../../../../../Unreal Projects/SkyMapProto/Content/Main/Environments/Building/RandomBuilding_Roof.uasset" 403
"../../../../../Unreal Projects/SkyMapProto/Content/Main/Environments/Foyer/Foyer_DefaultMaterial_BaseColor.uasset" 404
"../../../../../Unreal Projects/SkyMapProto/Content/Main/Environments/Foyer/Foyer_DefaultMaterial_Normal.uasset" 405
"../../../../../Unreal Projects/SkyMapProto/Content/Main/Environments/Foyer/Foyer_DefaultMaterial_OcclusionRoughnessMetallic.uasset" 406
"../../../../../Unreal Projects/SkyMapProto/Content/Main/Environments/Foyer/MI_Foyer.uasset" 407
"../../../../../Unreal Projects/SkyMapProto/Content/Main/Environments/Foyer/Foyer.uasset" 408
"../../../../../Unreal Projects/SkyMapProto/Content/Main/Environments/Hoe/Hoe_DefaultMaterial_BaseColor.uasset" 409
"../../../../../Unreal Projects/SkyMapProto/Content/Main/Environments/Hoe/Hoe_DefaultMaterial_Normal.uasset" 410
"../../../../../Unreal Projects/SkyMapProto/Content/Main/Environments/Hoe/Hoe_DefaultMaterial_OcclusionRoughnessMetallic.uasset" 411
"../../../../../Unreal Projects/SkyMapProto/Content/Main/Environments/Hoe/MI_Hoe.uasset" 412
"../../../../../Unreal Projects/SkyMapProto/Content/Main/Environments/Hoe/Hoe.uasset" 413
"../../../../../Unreal Projects/SkyMapProto/Content/Main/Maps/TestMap.umap" 414
"../../../Engine/Content/Maps/Entry_BuiltData.uasset" 415
"../../../Engine/Content/Maps/Entry.umap" 416
